[debug] [2021-12-28T07:17:40.492Z] ----------------------------------------------------------------------
[debug] [2021-12-28T07:17:40.496Z] Command:       C:\Program Files\nodejs\node.exe C:\Users\panka\AppData\Roaming\npm\node_modules\firebase-tools\lib\bin\firebase.js emulators:start
[debug] [2021-12-28T07:17:40.496Z] CLI Version:   10.0.1
[debug] [2021-12-28T07:17:40.496Z] Platform:      win32
[debug] [2021-12-28T07:17:40.497Z] Node Version:  v12.13.1
[debug] [2021-12-28T07:17:40.498Z] Time:          Tue Dec 28 2021 12:47:40 GMT+0530 (India Standard Time)
[debug] [2021-12-28T07:17:40.498Z] ----------------------------------------------------------------------
[debug] 
[debug] [2021-12-28T07:17:40.657Z] > command requires scopes: ["email","openid","https://www.googleapis.com/auth/cloudplatformprojects.readonly","https://www.googleapis.com/auth/firebase","https://www.googleapis.com/auth/cloud-platform"]
[debug] [2021-12-28T07:17:40.658Z] > authorizing via signed-in user (pankajmiddha000@gmail.com)
[info] i  emulators: Starting emulators: functions, hosting {"metadata":{"emulator":{"name":"hub"},"message":"Starting emulators: functions, hosting"}}
[debug] [2021-12-28T07:17:42.781Z] [hub] writing locator at C:\Users\panka\AppData\Local\Temp\hub-clone-9f0a1.json
[warn] !  functions: The following emulators are not running, calls to these services from the Functions emulator will affect production: auth, firestore, database, pubsub, storage {"metadata":{"emulator":{"name":"functions"},"message":"The following emulators are not running, calls to these services from the Functions emulator will affect production: \u001b[1mauth, firestore, database, pubsub, storage\u001b[22m"}}
[warn] !  Your requested "node" version "16" doesn't match your global version "12" {"metadata":{"emulator":{"name":"functions"},"message":"Your requested \"node\" version \"16\" doesn't match your global version \"12\""}}
[debug] [2021-12-28T07:17:45.117Z] defaultcredentials: writing to file C:\Users\panka\AppData\Roaming\firebase\pankajmiddha000_gmail_com_application_default_credentials.json
[debug] [2021-12-28T07:17:45.123Z] Setting GAC to C:\Users\panka\AppData\Roaming\firebase\pankajmiddha000_gmail_com_application_default_credentials.json {"metadata":{"emulator":{"name":"functions"},"message":"Setting GAC to C:\\Users\\panka\\AppData\\Roaming\\firebase\\pankajmiddha000_gmail_com_application_default_credentials.json"}}
[debug] [2021-12-28T07:17:45.129Z] > refreshing access token with scopes: []
[debug] [2021-12-28T07:17:45.131Z] >>> HTTP REQUEST POST https://www.googleapis.com/oauth2/v3/token  
 <request body omitted>
[debug] [2021-12-28T07:17:45.910Z] <<< HTTP RESPONSE 200 {"expires":"Mon, 01 Jan 1990 00:00:00 GMT","cache-control":"no-cache, no-store, max-age=0, must-revalidate","pragma":"no-cache","date":"Tue, 28 Dec 2021 07:17:44 GMT","content-type":"application/json; charset=utf-8","vary":"X-Origin, Referer, Origin,Accept-Encoding","server":"scaffolding on HTTPServer2","x-xss-protection":"0","x-frame-options":"SAMEORIGIN","x-content-type-options":"nosniff","alt-svc":"h3=\":443\"; ma=2592000,h3-29=\":443\"; ma=2592000,h3-Q050=\":443\"; ma=2592000,h3-Q046=\":443\"; ma=2592000,h3-Q043=\":443\"; ma=2592000,quic=\":443\"; ma=2592000; v=\"46,43\"","accept-ranges":"none","transfer-encoding":"chunked"}
[debug] [2021-12-28T07:17:45.940Z] >>> [apiv2][query] GET https://firebase.googleapis.com/v1beta1/projects/clone-9f0a1/adminSdkConfig [none]
[debug] [2021-12-28T07:17:47.055Z] <<< [apiv2][status] GET https://firebase.googleapis.com/v1beta1/projects/clone-9f0a1/adminSdkConfig 200
[debug] [2021-12-28T07:17:47.056Z] <<< [apiv2][body] GET https://firebase.googleapis.com/v1beta1/projects/clone-9f0a1/adminSdkConfig {"projectId":"clone-9f0a1","storageBucket":"clone-9f0a1.appspot.com"}
[debug] [2021-12-28T07:17:49.115Z] >>> [apiv2][query] GET https://firebasehosting.googleapis.com/v1beta1/projects/clone-9f0a1/sites 
[debug] [2021-12-28T07:17:51.851Z] <<< [apiv2][status] GET https://firebasehosting.googleapis.com/v1beta1/projects/clone-9f0a1/sites 200
[debug] [2021-12-28T07:17:51.852Z] <<< [apiv2][body] GET https://firebasehosting.googleapis.com/v1beta1/projects/clone-9f0a1/sites {"sites":[{"name":"projects/643747720929/sites/clone-9f0a1","defaultUrl":"https://clone-9f0a1.web.app","appId":"1:643747720929:web:e0bc1d535b7e82bf2491a0","type":"DEFAULT_SITE"}]}
[debug] [2021-12-28T07:17:51.852Z] >>> [apiv2][query] GET https://firebase.googleapis.com/v1beta1/projects/clone-9f0a1/webApps/1:643747720929:web:e0bc1d535b7e82bf2491a0/config [none]
[debug] [2021-12-28T07:17:53.592Z] <<< [apiv2][status] GET https://firebase.googleapis.com/v1beta1/projects/clone-9f0a1/webApps/1:643747720929:web:e0bc1d535b7e82bf2491a0/config 200
[debug] [2021-12-28T07:17:53.593Z] <<< [apiv2][body] GET https://firebase.googleapis.com/v1beta1/projects/clone-9f0a1/webApps/1:643747720929:web:e0bc1d535b7e82bf2491a0/config {"projectId":"clone-9f0a1","appId":"1:643747720929:web:e0bc1d535b7e82bf2491a0","storageBucket":"clone-9f0a1.appspot.com","apiKey":"AIzaSyCTveAiYLQRLy_dw7KHUbh0FUo3jaulrw8","authDomain":"clone-9f0a1.firebaseapp.com","messagingSenderId":"643747720929","measurementId":"G-KM6MGFPHL3"}
[info] i  hosting: Serving hosting files from: build {"metadata":{"emulator":{"name":"hosting"},"message":"Serving hosting files from: \u001b[1mbuild\u001b[22m"}}
[info] +  hosting: Local server: http://localhost:5000 {"metadata":{"emulator":{"name":"hosting"},"message":"Local server: \u001b[4m\u001b[1mhttp://localhost:5000\u001b[22m\u001b[24m"}}
[debug] [2021-12-28T07:17:57.732Z] Ignoring unsupported arg: auto_download {"metadata":{"emulator":{"name":"ui"},"message":"Ignoring unsupported arg: auto_download"}}
[debug] [2021-12-28T07:17:57.732Z] Ignoring unsupported arg: port {"metadata":{"emulator":{"name":"ui"},"message":"Ignoring unsupported arg: port"}}
[debug] [2021-12-28T07:17:57.733Z] Starting Emulator UI with command {"binary":"node","args":["C:\\Users\\panka\\.cache\\firebase\\emulators\\ui-v1.6.4\\server.bundle.js"],"optionalArgs":[],"joinArgs":false} {"metadata":{"emulator":{"name":"ui"},"message":"Starting Emulator UI with command {\"binary\":\"node\",\"args\":[\"C:\\\\Users\\\\panka\\\\.cache\\\\firebase\\\\emulators\\\\ui-v1.6.4\\\\server.bundle.js\"],\"optionalArgs\":[],\"joinArgs\":false}"}}
[info] i  ui: Emulator UI logging to ui-debug.log {"metadata":{"emulator":{"name":"ui"},"message":"Emulator UI logging to \u001b[1mui-debug.log\u001b[22m"}}
[debug] [2021-12-28T07:17:58.241Z] Web / API server started at localhost:4000
 {"metadata":{"emulator":{"name":"ui"},"message":"Web / API server started at localhost:4000\n"}}
[info] i  functions: Watching "D:\MCA\Project\amazon-clone\functions" for Cloud Functions... {"metadata":{"emulator":{"name":"functions"},"message":"Watching \"D:\\MCA\\Project\\amazon-clone\\functions\" for Cloud Functions..."}}
[debug] [2021-12-28T07:17:58.310Z] [worker-pool] addWorker(~diagnostic~) {"metadata":{"emulator":{"name":"functions"},"message":"[worker-pool] addWorker(~diagnostic~)"}}
[debug] [2021-12-28T07:17:58.311Z] [worker-pool] Adding worker with key ~diagnostic~, total=1 {"metadata":{"emulator":{"name":"functions"},"message":"[worker-pool] Adding worker with key ~diagnostic~, total=1"}}
[debug] [2021-12-28T07:17:58.311Z] [worker-pool] submitWork(triggerId=) {"metadata":{"emulator":{"name":"functions"},"message":"[worker-pool] submitWork(triggerId=)"}}
[debug] [2021-12-28T07:17:58.312Z] [worker-~diagnostic~-51f6f5bc-ca34-4ae1-b4d7-7dfedc4343aa]: Assigning socketPath: \\?\pipe\D:\MCA\Project\amazon-clone\functions\25704 {"metadata":{"emulator":{"name":"functions"},"message":"[worker-~diagnostic~-51f6f5bc-ca34-4ae1-b4d7-7dfedc4343aa]: Assigning socketPath: \\\\?\\pipe\\D:\\MCA\\Project\\amazon-clone\\functions\\25704"}}
[debug] [2021-12-28T07:17:58.312Z] [worker-~diagnostic~-51f6f5bc-ca34-4ae1-b4d7-7dfedc4343aa]: BUSY {"metadata":{"emulator":{"name":"functions"},"message":"[worker-~diagnostic~-51f6f5bc-ca34-4ae1-b4d7-7dfedc4343aa]: BUSY"}}
[debug] [2021-12-28T07:17:58.736Z] [runtime-status] [25704] Functions runtime initialized. {"cwd":"D:\\MCA\\Project\\amazon-clone\\functions","node_version":"12.13.1"} {"metadata":{"emulator":{"name":"functions"},"message":"[runtime-status] [25704] Functions runtime initialized. {\"cwd\":\"D:\\\\MCA\\\\Project\\\\amazon-clone\\\\functions\",\"node_version\":\"12.13.1\"}"}}
[debug] [2021-12-28T07:17:58.737Z] [runtime-status] [25704] Disabled runtime features: undefined {"metadata":{"emulator":{"name":"functions"},"message":"[runtime-status] [25704] Disabled runtime features: undefined"}}
[debug] [2021-12-28T07:17:58.773Z] [runtime-status] [25704] Resolved module firebase-admin {"declared":true,"installed":true,"version":"9.12.0","resolution":"D:\\MCA\\Project\\amazon-clone\\functions\\node_modules\\firebase-admin\\lib\\index.js"} {"metadata":{"emulator":{"name":"functions"},"message":"[runtime-status] [25704] Resolved module firebase-admin {\"declared\":true,\"installed\":true,\"version\":\"9.12.0\",\"resolution\":\"D:\\\\MCA\\\\Project\\\\amazon-clone\\\\functions\\\\node_modules\\\\firebase-admin\\\\lib\\\\index.js\"}"}}
[debug] [2021-12-28T07:17:58.778Z] [runtime-status] [25704] Resolved module firebase-functions {"declared":true,"installed":true,"version":"3.16.0","resolution":"D:\\MCA\\Project\\amazon-clone\\functions\\node_modules\\firebase-functions\\lib\\index.js"} {"metadata":{"emulator":{"name":"functions"},"message":"[runtime-status] [25704] Resolved module firebase-functions {\"declared\":true,\"installed\":true,\"version\":\"3.16.0\",\"resolution\":\"D:\\\\MCA\\\\Project\\\\amazon-clone\\\\functions\\\\node_modules\\\\firebase-functions\\\\lib\\\\index.js\"}"}}
[debug] [2021-12-28T07:17:58.782Z] [runtime-status] [25704] Outgoing network have been stubbed. [{"name":"http","status":"mocked"},{"name":"http","status":"mocked"},{"name":"https","status":"mocked"},{"name":"https","status":"mocked"},{"name":"net","status":"mocked"}] {"metadata":{"emulator":{"name":"functions"},"message":"[runtime-status] [25704] Outgoing network have been stubbed. [{\"name\":\"http\",\"status\":\"mocked\"},{\"name\":\"http\",\"status\":\"mocked\"},{\"name\":\"https\",\"status\":\"mocked\"},{\"name\":\"https\",\"status\":\"mocked\"},{\"name\":\"net\",\"status\":\"mocked\"}]"}}
[debug] [2021-12-28T07:17:58.784Z] [runtime-status] [25704] Resolved module firebase-functions {"declared":true,"installed":true,"version":"3.16.0","resolution":"D:\\MCA\\Project\\amazon-clone\\functions\\node_modules\\firebase-functions\\lib\\index.js"} {"metadata":{"emulator":{"name":"functions"},"message":"[runtime-status] [25704] Resolved module firebase-functions {\"declared\":true,\"installed\":true,\"version\":\"3.16.0\",\"resolution\":\"D:\\\\MCA\\\\Project\\\\amazon-clone\\\\functions\\\\node_modules\\\\firebase-functions\\\\lib\\\\index.js\"}"}}
[debug] [2021-12-28T07:17:59.093Z] [runtime-status] [25704] Checked functions.config() {"config":{}} {"metadata":{"emulator":{"name":"functions"},"message":"[runtime-status] [25704] Checked functions.config() {\"config\":{}}"}}
[debug] [2021-12-28T07:17:59.094Z] [runtime-status] [25704] firebase-functions has been stubbed. {"functionsResolution":{"declared":true,"installed":true,"version":"3.16.0","resolution":"D:\\MCA\\Project\\amazon-clone\\functions\\node_modules\\firebase-functions\\lib\\index.js"}} {"metadata":{"emulator":{"name":"functions"},"message":"[runtime-status] [25704] firebase-functions has been stubbed. {\"functionsResolution\":{\"declared\":true,\"installed\":true,\"version\":\"3.16.0\",\"resolution\":\"D:\\\\MCA\\\\Project\\\\amazon-clone\\\\functions\\\\node_modules\\\\firebase-functions\\\\lib\\\\index.js\"}}"}}
[debug] [2021-12-28T07:17:59.095Z] [runtime-status] [25704] Resolved module firebase-functions {"declared":true,"installed":true,"version":"3.16.0","resolution":"D:\\MCA\\Project\\amazon-clone\\functions\\node_modules\\firebase-functions\\lib\\index.js"} {"metadata":{"emulator":{"name":"functions"},"message":"[runtime-status] [25704] Resolved module firebase-functions {\"declared\":true,\"installed\":true,\"version\":\"3.16.0\",\"resolution\":\"D:\\\\MCA\\\\Project\\\\amazon-clone\\\\functions\\\\node_modules\\\\firebase-functions\\\\lib\\\\index.js\"}"}}
[debug] [2021-12-28T07:17:59.097Z] [runtime-status] [25704] Resolved module firebase-admin {"declared":true,"installed":true,"version":"9.12.0","resolution":"D:\\MCA\\Project\\amazon-clone\\functions\\node_modules\\firebase-admin\\lib\\index.js"} {"metadata":{"emulator":{"name":"functions"},"message":"[runtime-status] [25704] Resolved module firebase-admin {\"declared\":true,\"installed\":true,\"version\":\"9.12.0\",\"resolution\":\"D:\\\\MCA\\\\Project\\\\amazon-clone\\\\functions\\\\node_modules\\\\firebase-admin\\\\lib\\\\index.js\"}"}}
[debug] [2021-12-28T07:17:59.098Z] [runtime-status] [25704] Resolved module firebase-functions {"declared":true,"installed":true,"version":"3.16.0","resolution":"D:\\MCA\\Project\\amazon-clone\\functions\\node_modules\\firebase-functions\\lib\\index.js"} {"metadata":{"emulator":{"name":"functions"},"message":"[runtime-status] [25704] Resolved module firebase-functions {\"declared\":true,\"installed\":true,\"version\":\"3.16.0\",\"resolution\":\"D:\\\\MCA\\\\Project\\\\amazon-clone\\\\functions\\\\node_modules\\\\firebase-functions\\\\lib\\\\index.js\"}"}}
[debug] [2021-12-28T07:17:59.098Z] [runtime-status] [25704] firebase-admin has been stubbed. {"adminResolution":{"declared":true,"installed":true,"version":"9.12.0","resolution":"D:\\MCA\\Project\\amazon-clone\\functions\\node_modules\\firebase-admin\\lib\\index.js"}} {"metadata":{"emulator":{"name":"functions"},"message":"[runtime-status] [25704] firebase-admin has been stubbed. {\"adminResolution\":{\"declared\":true,\"installed\":true,\"version\":\"9.12.0\",\"resolution\":\"D:\\\\MCA\\\\Project\\\\amazon-clone\\\\functions\\\\node_modules\\\\firebase-admin\\\\lib\\\\index.js\"}}"}}
[info] +  functions[us-central1-api]: http function initialized (http://localhost:5001/clone-9f0a1/us-central1/api). {"metadata":{"emulator":{"name":"functions"},"message":"\u001b[1mhttp\u001b[22m function initialized (http://localhost:5001/clone-9f0a1/us-central1/api)."}}
[info] 
┌─────────────────────────────────────────────────────────────┐
│ ✔  All emulators ready! It is now safe to connect your app. │
│ i  View Emulator UI at http://localhost:4000                │
└─────────────────────────────────────────────────────────────┘

┌───────────┬────────────────┬─────────────────────────────────┐
│ Emulator  │ Host:Port      │ View in Emulator UI             │
├───────────┼────────────────┼─────────────────────────────────┤
│ Functions │ localhost:5001 │ http://localhost:4000/functions │
├───────────┼────────────────┼─────────────────────────────────┤
│ Hosting   │ localhost:5000 │ n/a                             │
└───────────┴────────────────┴─────────────────────────────────┘
  Emulator Hub running at localhost:4400
  Other reserved ports: 4500

Issues? Report them at https://github.com/firebase/firebase-tools/issues and attach the *-debug.log files.
 
[debug] [2021-12-28T07:17:59.995Z] [worker-~diagnostic~-51f6f5bc-ca34-4ae1-b4d7-7dfedc4343aa]: IDLE {"metadata":{"emulator":{"name":"functions"},"message":"[worker-~diagnostic~-51f6f5bc-ca34-4ae1-b4d7-7dfedc4343aa]: IDLE"}}
[debug] [2021-12-28T07:20:03.193Z] [work-queue] {"queueLength":1,"workRunningCount":0}
[debug] [2021-12-28T07:20:03.194Z] [work-queue] {"queueLength":0,"workRunningCount":1}
[debug] [2021-12-28T07:20:03.195Z] Accepted request POST /clone-9f0a1/us-central1/api/payments/create?total=25096 --> us-central1-api
[debug] [2021-12-28T07:20:03.212Z] [worker-pool] addWorker(us-central1-api) {"metadata":{"emulator":{"name":"functions"},"message":"[worker-pool] addWorker(us-central1-api)"}}
[debug] [2021-12-28T07:20:03.213Z] [worker-pool] Adding worker with key us-central1-api, total=1 {"metadata":{"emulator":{"name":"functions"},"message":"[worker-pool] Adding worker with key us-central1-api, total=1"}}
[debug] [2021-12-28T07:20:03.213Z] [worker-pool] submitWork(triggerId=us-central1-api) {"metadata":{"emulator":{"name":"functions"},"message":"[worker-pool] submitWork(triggerId=us-central1-api)"}}
[debug] [2021-12-28T07:20:03.214Z] [worker-us-central1-api-e62ac4eb-0ead-4f9d-ad6a-6e56259e7dda]: Assigning socketPath: \\?\pipe\D:\MCA\Project\amazon-clone\functions\11000 {"metadata":{"emulator":{"name":"functions"},"message":"[worker-us-central1-api-e62ac4eb-0ead-4f9d-ad6a-6e56259e7dda]: Assigning socketPath: \\\\?\\pipe\\D:\\MCA\\Project\\amazon-clone\\functions\\11000"}}
[debug] [2021-12-28T07:20:03.214Z] [worker-us-central1-api-e62ac4eb-0ead-4f9d-ad6a-6e56259e7dda]: BUSY {"metadata":{"emulator":{"name":"functions"},"message":"[worker-us-central1-api-e62ac4eb-0ead-4f9d-ad6a-6e56259e7dda]: BUSY"}}
[debug] [2021-12-28T07:20:03.840Z] [runtime-status] [11000] Functions runtime initialized. {"cwd":"D:\\MCA\\Project\\amazon-clone\\functions","node_version":"12.13.1"} {"metadata":{"emulator":{"name":"functions"},"function":{"name":"us-central1-api"},"message":"[runtime-status] [11000] Functions runtime initialized. {\"cwd\":\"D:\\\\MCA\\\\Project\\\\amazon-clone\\\\functions\",\"node_version\":\"12.13.1\"}"}}
[debug] [2021-12-28T07:20:03.842Z] [runtime-status] [11000] Disabled runtime features: undefined {"metadata":{"emulator":{"name":"functions"},"function":{"name":"us-central1-api"},"message":"[runtime-status] [11000] Disabled runtime features: undefined"}}
[debug] [2021-12-28T07:20:03.848Z] [runtime-status] [11000] Resolved module firebase-admin {"declared":true,"installed":true,"version":"9.12.0","resolution":"D:\\MCA\\Project\\amazon-clone\\functions\\node_modules\\firebase-admin\\lib\\index.js"} {"metadata":{"emulator":{"name":"functions"},"function":{"name":"us-central1-api"},"message":"[runtime-status] [11000] Resolved module firebase-admin {\"declared\":true,\"installed\":true,\"version\":\"9.12.0\",\"resolution\":\"D:\\\\MCA\\\\Project\\\\amazon-clone\\\\functions\\\\node_modules\\\\firebase-admin\\\\lib\\\\index.js\"}"}}
[debug] [2021-12-28T07:20:03.852Z] [runtime-status] [11000] Resolved module firebase-functions {"declared":true,"installed":true,"version":"3.16.0","resolution":"D:\\MCA\\Project\\amazon-clone\\functions\\node_modules\\firebase-functions\\lib\\index.js"} {"metadata":{"emulator":{"name":"functions"},"function":{"name":"us-central1-api"},"message":"[runtime-status] [11000] Resolved module firebase-functions {\"declared\":true,\"installed\":true,\"version\":\"3.16.0\",\"resolution\":\"D:\\\\MCA\\\\Project\\\\amazon-clone\\\\functions\\\\node_modules\\\\firebase-functions\\\\lib\\\\index.js\"}"}}
[debug] [2021-12-28T07:20:03.855Z] [runtime-status] [11000] Outgoing network have been stubbed. [{"name":"http","status":"mocked"},{"name":"http","status":"mocked"},{"name":"https","status":"mocked"},{"name":"https","status":"mocked"},{"name":"net","status":"mocked"}] {"metadata":{"emulator":{"name":"functions"},"function":{"name":"us-central1-api"},"message":"[runtime-status] [11000] Outgoing network have been stubbed. [{\"name\":\"http\",\"status\":\"mocked\"},{\"name\":\"http\",\"status\":\"mocked\"},{\"name\":\"https\",\"status\":\"mocked\"},{\"name\":\"https\",\"status\":\"mocked\"},{\"name\":\"net\",\"status\":\"mocked\"}]"}}
[debug] [2021-12-28T07:20:03.857Z] [runtime-status] [11000] Resolved module firebase-functions {"declared":true,"installed":true,"version":"3.16.0","resolution":"D:\\MCA\\Project\\amazon-clone\\functions\\node_modules\\firebase-functions\\lib\\index.js"} {"metadata":{"emulator":{"name":"functions"},"function":{"name":"us-central1-api"},"message":"[runtime-status] [11000] Resolved module firebase-functions {\"declared\":true,\"installed\":true,\"version\":\"3.16.0\",\"resolution\":\"D:\\\\MCA\\\\Project\\\\amazon-clone\\\\functions\\\\node_modules\\\\firebase-functions\\\\lib\\\\index.js\"}"}}
[debug] [2021-12-28T07:20:03.977Z] [runtime-status] [11000] Checked functions.config() {"config":{}} {"metadata":{"emulator":{"name":"functions"},"function":{"name":"us-central1-api"},"message":"[runtime-status] [11000] Checked functions.config() {\"config\":{}}"}}
[debug] [2021-12-28T07:20:03.978Z] [runtime-status] [11000] firebase-functions has been stubbed. {"functionsResolution":{"declared":true,"installed":true,"version":"3.16.0","resolution":"D:\\MCA\\Project\\amazon-clone\\functions\\node_modules\\firebase-functions\\lib\\index.js"}} {"metadata":{"emulator":{"name":"functions"},"function":{"name":"us-central1-api"},"message":"[runtime-status] [11000] firebase-functions has been stubbed. {\"functionsResolution\":{\"declared\":true,\"installed\":true,\"version\":\"3.16.0\",\"resolution\":\"D:\\\\MCA\\\\Project\\\\amazon-clone\\\\functions\\\\node_modules\\\\firebase-functions\\\\lib\\\\index.js\"}}"}}
[debug] [2021-12-28T07:20:03.979Z] [runtime-status] [11000] Resolved module firebase-functions {"declared":true,"installed":true,"version":"3.16.0","resolution":"D:\\MCA\\Project\\amazon-clone\\functions\\node_modules\\firebase-functions\\lib\\index.js"} {"metadata":{"emulator":{"name":"functions"},"function":{"name":"us-central1-api"},"message":"[runtime-status] [11000] Resolved module firebase-functions {\"declared\":true,\"installed\":true,\"version\":\"3.16.0\",\"resolution\":\"D:\\\\MCA\\\\Project\\\\amazon-clone\\\\functions\\\\node_modules\\\\firebase-functions\\\\lib\\\\index.js\"}"}}
[debug] [2021-12-28T07:20:03.983Z] [runtime-status] [11000] Resolved module firebase-admin {"declared":true,"installed":true,"version":"9.12.0","resolution":"D:\\MCA\\Project\\amazon-clone\\functions\\node_modules\\firebase-admin\\lib\\index.js"} {"metadata":{"emulator":{"name":"functions"},"function":{"name":"us-central1-api"},"message":"[runtime-status] [11000] Resolved module firebase-admin {\"declared\":true,\"installed\":true,\"version\":\"9.12.0\",\"resolution\":\"D:\\\\MCA\\\\Project\\\\amazon-clone\\\\functions\\\\node_modules\\\\firebase-admin\\\\lib\\\\index.js\"}"}}
[debug] [2021-12-28T07:20:03.984Z] [runtime-status] [11000] Resolved module firebase-functions {"declared":true,"installed":true,"version":"3.16.0","resolution":"D:\\MCA\\Project\\amazon-clone\\functions\\node_modules\\firebase-functions\\lib\\index.js"} {"metadata":{"emulator":{"name":"functions"},"function":{"name":"us-central1-api"},"message":"[runtime-status] [11000] Resolved module firebase-functions {\"declared\":true,\"installed\":true,\"version\":\"3.16.0\",\"resolution\":\"D:\\\\MCA\\\\Project\\\\amazon-clone\\\\functions\\\\node_modules\\\\firebase-functions\\\\lib\\\\index.js\"}"}}
[debug] [2021-12-28T07:20:03.985Z] [runtime-status] [11000] firebase-admin has been stubbed. {"adminResolution":{"declared":true,"installed":true,"version":"9.12.0","resolution":"D:\\MCA\\Project\\amazon-clone\\functions\\node_modules\\firebase-admin\\lib\\index.js"}} {"metadata":{"emulator":{"name":"functions"},"function":{"name":"us-central1-api"},"message":"[runtime-status] [11000] firebase-admin has been stubbed. {\"adminResolution\":{\"declared\":true,\"installed\":true,\"version\":\"9.12.0\",\"resolution\":\"D:\\\\MCA\\\\Project\\\\amazon-clone\\\\functions\\\\node_modules\\\\firebase-admin\\\\lib\\\\index.js\"}}"}}
[debug] [2021-12-28T07:20:04.528Z] [runtime-status] [11000] Trigger "us-central1-api" has been found, beginning invocation! {"metadata":{"emulator":{"name":"functions"},"function":{"name":"us-central1-api"},"message":"[runtime-status] [11000] Trigger \"us-central1-api\" has been found, beginning invocation!"}}
[info] i  functions: Beginning execution of "us-central1-api" {"metadata":{"emulator":{"name":"functions"},"function":{"name":"us-central1-api"},"message":"Beginning execution of \"us-central1-api\""}}
[debug] [2021-12-28T07:20:04.531Z] [runtime-status] [11000] triggerDefinition {"httpsTrigger":{},"name":"api","entryPoint":"api","regions":["us-central1"],"region":"us-central1","id":"us-central1-api","platform":"gcfv1"} {"metadata":{"emulator":{"name":"functions"},"function":{"name":"us-central1-api"},"message":"[runtime-status] [11000] triggerDefinition {\"httpsTrigger\":{},\"name\":\"api\",\"entryPoint\":\"api\",\"regions\":[\"us-central1\"],\"region\":\"us-central1\",\"id\":\"us-central1-api\",\"platform\":\"gcfv1\"}"}}
[debug] [2021-12-28T07:20:04.532Z] [runtime-status] [11000] Running us-central1-api in signature http {"metadata":{"emulator":{"name":"functions"},"function":{"name":"us-central1-api"},"message":"[runtime-status] [11000] Running us-central1-api in signature http"}}
[debug] [2021-12-28T07:20:04.536Z] [runtime-status] [11000] Attempting to listen to socketPath: \\?\pipe\D:\MCA\Project\amazon-clone\functions\11000 {"metadata":{"emulator":{"name":"functions"},"function":{"name":"us-central1-api"},"message":"[runtime-status] [11000] Attempting to listen to socketPath: \\\\?\\pipe\\D:\\MCA\\Project\\amazon-clone\\functions\\11000"}}
[debug] [2021-12-28T07:20:04.542Z] [functions] Runtime ready! Sending request! {"metadata":{"emulator":{"name":"functions"},"message":"[functions] Runtime ready! Sending request!"}}
[debug] [2021-12-28T07:20:04.543Z] [functions] Got req.url=/clone-9f0a1/us-central1/api/payments/create?total=25096, mapping to path=/payments/create?total=25096 {"metadata":{"emulator":{"name":"functions"},"message":"[functions] Got req.url=/clone-9f0a1/us-central1/api/payments/create?total=25096, mapping to path=/payments/create?total=25096"}}
[debug] [2021-12-28T07:20:04.558Z] [runtime-status] [11000] Ephemeral server handling POST request {"metadata":{"emulator":{"name":"functions"},"function":{"name":"us-central1-api"},"message":"[runtime-status] [11000] Ephemeral server handling POST request"}}
[info] >  Payment Request Recieved BOOM!!! for this amount >>>  25096 {"user":"Payment Request Recieved BOOM!!! for this amount >>>  25096","metadata":{"emulator":{"name":"functions"},"function":{"name":"us-central1-api"},"message":"\u001b[90m> \u001b[39m Payment Request Recieved BOOM!!! for this amount >>>  25096"}}
[debug] [2021-12-28T07:20:04.586Z] [runtime-status] [11000] Ephemeral server survived. {"metadata":{"emulator":{"name":"functions"},"function":{"name":"us-central1-api"},"message":"[runtime-status] [11000] Ephemeral server survived."}}
[info] i  functions: Finished "us-central1-api" in ~1s {"metadata":{"emulator":{"name":"functions"},"function":{"name":"us-central1-api"},"message":"Finished \"us-central1-api\" in ~1s"}}
[debug] [2021-12-28T07:20:05.790Z] [worker-us-central1-api-e62ac4eb-0ead-4f9d-ad6a-6e56259e7dda]: IDLE {"metadata":{"emulator":{"name":"functions"},"message":"[worker-us-central1-api-e62ac4eb-0ead-4f9d-ad6a-6e56259e7dda]: IDLE"}}
[debug] [2021-12-28T07:20:05.793Z] [work-queue] {"queueLength":0,"workRunningCount":0}
[debug] [2021-12-28T07:26:05.503Z] [work-queue] {"queueLength":1,"workRunningCount":0}
[debug] [2021-12-28T07:26:05.505Z] [work-queue] {"queueLength":0,"workRunningCount":1}
[debug] [2021-12-28T07:26:05.505Z] Accepted request POST /clone-9f0a1/us-central1/api/payments/create?total=25096 --> us-central1-api
[debug] [2021-12-28T07:26:05.507Z] [worker-pool] submitWork(triggerId=us-central1-api) {"metadata":{"emulator":{"name":"functions"},"message":"[worker-pool] submitWork(triggerId=us-central1-api)"}}
[debug] [2021-12-28T07:26:05.508Z] [worker-us-central1-api-e62ac4eb-0ead-4f9d-ad6a-6e56259e7dda]: Assigning socketPath: \\?\pipe\D:\MCA\Project\amazon-clone\functions\11000 {"metadata":{"emulator":{"name":"functions"},"message":"[worker-us-central1-api-e62ac4eb-0ead-4f9d-ad6a-6e56259e7dda]: Assigning socketPath: \\\\?\\pipe\\D:\\MCA\\Project\\amazon-clone\\functions\\11000"}}
[debug] [2021-12-28T07:26:05.509Z] [worker-us-central1-api-e62ac4eb-0ead-4f9d-ad6a-6e56259e7dda]: BUSY {"metadata":{"emulator":{"name":"functions"},"message":"[worker-us-central1-api-e62ac4eb-0ead-4f9d-ad6a-6e56259e7dda]: BUSY"}}
[debug] [2021-12-28T07:26:05.512Z] [runtime-status] [11000] Trigger "us-central1-api" has been found, beginning invocation! {"metadata":{"emulator":{"name":"functions"},"function":{"name":"us-central1-api"},"message":"[runtime-status] [11000] Trigger \"us-central1-api\" has been found, beginning invocation!"}}
[info] i  functions: Beginning execution of "us-central1-api" {"metadata":{"emulator":{"name":"functions"},"function":{"name":"us-central1-api"},"message":"Beginning execution of \"us-central1-api\""}}
[debug] [2021-12-28T07:26:05.520Z] [runtime-status] [11000] triggerDefinition {"httpsTrigger":{},"name":"api","entryPoint":"api","regions":["us-central1"],"region":"us-central1","id":"us-central1-api","platform":"gcfv1"} {"metadata":{"emulator":{"name":"functions"},"function":{"name":"us-central1-api"},"message":"[runtime-status] [11000] triggerDefinition {\"httpsTrigger\":{},\"name\":\"api\",\"entryPoint\":\"api\",\"regions\":[\"us-central1\"],\"region\":\"us-central1\",\"id\":\"us-central1-api\",\"platform\":\"gcfv1\"}"}}
[debug] [2021-12-28T07:26:05.522Z] [runtime-status] [11000] Running us-central1-api in signature http {"metadata":{"emulator":{"name":"functions"},"function":{"name":"us-central1-api"},"message":"[runtime-status] [11000] Running us-central1-api in signature http"}}
[debug] [2021-12-28T07:26:05.524Z] [runtime-status] [11000] Attempting to listen to socketPath: \\?\pipe\D:\MCA\Project\amazon-clone\functions\11000 {"metadata":{"emulator":{"name":"functions"},"function":{"name":"us-central1-api"},"message":"[runtime-status] [11000] Attempting to listen to socketPath: \\\\?\\pipe\\D:\\MCA\\Project\\amazon-clone\\functions\\11000"}}
[debug] [2021-12-28T07:26:05.530Z] [functions] Runtime ready! Sending request! {"metadata":{"emulator":{"name":"functions"},"message":"[functions] Runtime ready! Sending request!"}}
[debug] [2021-12-28T07:26:05.532Z] [functions] Got req.url=/clone-9f0a1/us-central1/api/payments/create?total=25096, mapping to path=/payments/create?total=25096 {"metadata":{"emulator":{"name":"functions"},"message":"[functions] Got req.url=/clone-9f0a1/us-central1/api/payments/create?total=25096, mapping to path=/payments/create?total=25096"}}
[debug] [2021-12-28T07:26:05.544Z] [runtime-status] [11000] Ephemeral server handling POST request {"metadata":{"emulator":{"name":"functions"},"function":{"name":"us-central1-api"},"message":"[runtime-status] [11000] Ephemeral server handling POST request"}}
[info] >  Payment Request Recieved BOOM!!! for this amount >>>  25096 {"user":"Payment Request Recieved BOOM!!! for this amount >>>  25096","metadata":{"emulator":{"name":"functions"},"function":{"name":"us-central1-api"},"message":"\u001b[90m> \u001b[39m Payment Request Recieved BOOM!!! for this amount >>>  25096"}}
[debug] [2021-12-28T07:26:05.551Z] [runtime-status] [11000] Ephemeral server survived. {"metadata":{"emulator":{"name":"functions"},"function":{"name":"us-central1-api"},"message":"[runtime-status] [11000] Ephemeral server survived."}}
[info] i  functions: Finished "us-central1-api" in ~1s {"metadata":{"emulator":{"name":"functions"},"function":{"name":"us-central1-api"},"message":"Finished \"us-central1-api\" in ~1s"}}
[debug] [2021-12-28T07:26:06.765Z] [worker-us-central1-api-e62ac4eb-0ead-4f9d-ad6a-6e56259e7dda]: IDLE {"metadata":{"emulator":{"name":"functions"},"message":"[worker-us-central1-api-e62ac4eb-0ead-4f9d-ad6a-6e56259e7dda]: IDLE"}}
[debug] [2021-12-28T07:26:06.766Z] [work-queue] {"queueLength":0,"workRunningCount":0}
[debug] [2021-12-28T07:26:18.006Z] [work-queue] {"queueLength":1,"workRunningCount":0}
[debug] [2021-12-28T07:26:18.007Z] [work-queue] {"queueLength":0,"workRunningCount":1}
[debug] [2021-12-28T07:26:18.007Z] Accepted request POST /clone-9f0a1/us-central1/api/payments/create?total=39998 --> us-central1-api
[debug] [2021-12-28T07:26:18.009Z] [worker-pool] submitWork(triggerId=us-central1-api) {"metadata":{"emulator":{"name":"functions"},"message":"[worker-pool] submitWork(triggerId=us-central1-api)"}}
[debug] [2021-12-28T07:26:18.010Z] [worker-us-central1-api-e62ac4eb-0ead-4f9d-ad6a-6e56259e7dda]: Assigning socketPath: \\?\pipe\D:\MCA\Project\amazon-clone\functions\11000 {"metadata":{"emulator":{"name":"functions"},"message":"[worker-us-central1-api-e62ac4eb-0ead-4f9d-ad6a-6e56259e7dda]: Assigning socketPath: \\\\?\\pipe\\D:\\MCA\\Project\\amazon-clone\\functions\\11000"}}
[debug] [2021-12-28T07:26:18.011Z] [worker-us-central1-api-e62ac4eb-0ead-4f9d-ad6a-6e56259e7dda]: BUSY {"metadata":{"emulator":{"name":"functions"},"message":"[worker-us-central1-api-e62ac4eb-0ead-4f9d-ad6a-6e56259e7dda]: BUSY"}}
[debug] [2021-12-28T07:26:18.014Z] [runtime-status] [11000] Trigger "us-central1-api" has been found, beginning invocation! {"metadata":{"emulator":{"name":"functions"},"function":{"name":"us-central1-api"},"message":"[runtime-status] [11000] Trigger \"us-central1-api\" has been found, beginning invocation!"}}
[info] i  functions: Beginning execution of "us-central1-api" {"metadata":{"emulator":{"name":"functions"},"function":{"name":"us-central1-api"},"message":"Beginning execution of \"us-central1-api\""}}
[debug] [2021-12-28T07:26:18.021Z] [runtime-status] [11000] triggerDefinition {"httpsTrigger":{},"name":"api","entryPoint":"api","regions":["us-central1"],"region":"us-central1","id":"us-central1-api","platform":"gcfv1"} {"metadata":{"emulator":{"name":"functions"},"function":{"name":"us-central1-api"},"message":"[runtime-status] [11000] triggerDefinition {\"httpsTrigger\":{},\"name\":\"api\",\"entryPoint\":\"api\",\"regions\":[\"us-central1\"],\"region\":\"us-central1\",\"id\":\"us-central1-api\",\"platform\":\"gcfv1\"}"}}
[debug] [2021-12-28T07:26:18.023Z] [runtime-status] [11000] Running us-central1-api in signature http {"metadata":{"emulator":{"name":"functions"},"function":{"name":"us-central1-api"},"message":"[runtime-status] [11000] Running us-central1-api in signature http"}}
[debug] [2021-12-28T07:26:18.025Z] [runtime-status] [11000] Attempting to listen to socketPath: \\?\pipe\D:\MCA\Project\amazon-clone\functions\11000 {"metadata":{"emulator":{"name":"functions"},"function":{"name":"us-central1-api"},"message":"[runtime-status] [11000] Attempting to listen to socketPath: \\\\?\\pipe\\D:\\MCA\\Project\\amazon-clone\\functions\\11000"}}
[debug] [2021-12-28T07:26:18.030Z] [functions] Runtime ready! Sending request! {"metadata":{"emulator":{"name":"functions"},"message":"[functions] Runtime ready! Sending request!"}}
[debug] [2021-12-28T07:26:18.032Z] [functions] Got req.url=/clone-9f0a1/us-central1/api/payments/create?total=39998, mapping to path=/payments/create?total=39998 {"metadata":{"emulator":{"name":"functions"},"message":"[functions] Got req.url=/clone-9f0a1/us-central1/api/payments/create?total=39998, mapping to path=/payments/create?total=39998"}}
[debug] [2021-12-28T07:26:18.049Z] [runtime-status] [11000] Ephemeral server handling POST request {"metadata":{"emulator":{"name":"functions"},"function":{"name":"us-central1-api"},"message":"[runtime-status] [11000] Ephemeral server handling POST request"}}
[info] >  Payment Request Recieved BOOM!!! for this amount >>>  39998 {"user":"Payment Request Recieved BOOM!!! for this amount >>>  39998","metadata":{"emulator":{"name":"functions"},"function":{"name":"us-central1-api"},"message":"\u001b[90m> \u001b[39m Payment Request Recieved BOOM!!! for this amount >>>  39998"}}
[debug] [2021-12-28T07:26:18.060Z] [runtime-status] [11000] Ephemeral server survived. {"metadata":{"emulator":{"name":"functions"},"function":{"name":"us-central1-api"},"message":"[runtime-status] [11000] Ephemeral server survived."}}
[info] i  functions: Finished "us-central1-api" in ~1s {"metadata":{"emulator":{"name":"functions"},"function":{"name":"us-central1-api"},"message":"Finished \"us-central1-api\" in ~1s"}}
[debug] [2021-12-28T07:26:18.392Z] [worker-us-central1-api-e62ac4eb-0ead-4f9d-ad6a-6e56259e7dda]: IDLE {"metadata":{"emulator":{"name":"functions"},"message":"[worker-us-central1-api-e62ac4eb-0ead-4f9d-ad6a-6e56259e7dda]: IDLE"}}
[debug] [2021-12-28T07:26:18.392Z] [work-queue] {"queueLength":0,"workRunningCount":0}
[debug] [2021-12-28T07:38:09.419Z] Received signal SIGHUP 1
[debug] [2021-12-28T10:00:11.833Z] ----------------------------------------------------------------------
[debug] [2021-12-28T10:00:11.837Z] Command:       C:\Program Files\nodejs\node.exe C:\Users\panka\AppData\Roaming\npm\node_modules\firebase-tools\lib\bin\firebase.js emulators:start
[debug] [2021-12-28T10:00:11.838Z] CLI Version:   10.0.1
[debug] [2021-12-28T10:00:11.838Z] Platform:      win32
[debug] [2021-12-28T10:00:11.838Z] Node Version:  v12.13.1
[debug] [2021-12-28T10:00:11.840Z] Time:          Tue Dec 28 2021 15:30:11 GMT+0530 (India Standard Time)
[debug] [2021-12-28T10:00:11.841Z] ----------------------------------------------------------------------
[debug] 
[debug] [2021-12-28T10:00:11.847Z] >>> [apiv2][query] GET https://firebase-public.firebaseio.com/cli.json [none]
[debug] [2021-12-28T10:00:11.993Z] > command requires scopes: ["email","openid","https://www.googleapis.com/auth/cloudplatformprojects.readonly","https://www.googleapis.com/auth/firebase","https://www.googleapis.com/auth/cloud-platform"]
[debug] [2021-12-28T10:00:11.993Z] > authorizing via signed-in user (pankajmiddha000@gmail.com)
[info] i  emulators: Starting emulators: functions, hosting {"metadata":{"emulator":{"name":"hub"},"message":"Starting emulators: functions, hosting"}}
[debug] [2021-12-28T10:00:13.096Z] <<< [apiv2][status] GET https://firebase-public.firebaseio.com/cli.json 200
[debug] [2021-12-28T10:00:13.097Z] <<< [apiv2][body] GET https://firebase-public.firebaseio.com/cli.json {"cloudBuildErrorAfter":1594252800000,"cloudBuildWarnAfter":1590019200000,"defaultNode10After":1594252800000,"minVersion":"3.0.5","node8DeploysDisabledAfter":1613390400000,"node8RuntimeDisabledAfter":1615809600000,"node8WarnAfter":1600128000000}
[warn] !  emulators: It seems that you are running multiple instances of the emulator suite for project clone-9f0a1. This may result in unexpected behavior. 
[debug] [2021-12-28T10:00:14.055Z] [hub] writing locator at C:\Users\panka\AppData\Local\Temp\hub-clone-9f0a1.json
[warn] !  functions: The following emulators are not running, calls to these services from the Functions emulator will affect production: auth, firestore, database, pubsub, storage {"metadata":{"emulator":{"name":"functions"},"message":"The following emulators are not running, calls to these services from the Functions emulator will affect production: \u001b[1mauth, firestore, database, pubsub, storage\u001b[22m"}}
[warn] !  Your requested "node" version "16" doesn't match your global version "12" {"metadata":{"emulator":{"name":"functions"},"message":"Your requested \"node\" version \"16\" doesn't match your global version \"12\""}}
[debug] [2021-12-28T10:00:16.214Z] defaultcredentials: writing to file C:\Users\panka\AppData\Roaming\firebase\pankajmiddha000_gmail_com_application_default_credentials.json
[debug] [2021-12-28T10:00:16.221Z] Setting GAC to C:\Users\panka\AppData\Roaming\firebase\pankajmiddha000_gmail_com_application_default_credentials.json {"metadata":{"emulator":{"name":"functions"},"message":"Setting GAC to C:\\Users\\panka\\AppData\\Roaming\\firebase\\pankajmiddha000_gmail_com_application_default_credentials.json"}}
[debug] [2021-12-28T10:00:16.225Z] > refreshing access token with scopes: []
[debug] [2021-12-28T10:00:16.226Z] >>> HTTP REQUEST POST https://www.googleapis.com/oauth2/v3/token  
 <request body omitted>
[debug] [2021-12-28T10:00:16.576Z] <<< HTTP RESPONSE 200 {"date":"Tue, 28 Dec 2021 10:00:15 GMT","cache-control":"no-cache, no-store, max-age=0, must-revalidate","expires":"Mon, 01 Jan 1990 00:00:00 GMT","pragma":"no-cache","content-type":"application/json; charset=utf-8","vary":"X-Origin, Referer, Origin,Accept-Encoding","server":"scaffolding on HTTPServer2","x-xss-protection":"0","x-frame-options":"SAMEORIGIN","x-content-type-options":"nosniff","alt-svc":"h3=\":443\"; ma=2592000,h3-29=\":443\"; ma=2592000,h3-Q050=\":443\"; ma=2592000,h3-Q046=\":443\"; ma=2592000,h3-Q043=\":443\"; ma=2592000,quic=\":443\"; ma=2592000; v=\"46,43\"","accept-ranges":"none","transfer-encoding":"chunked"}
[debug] [2021-12-28T10:00:16.590Z] >>> [apiv2][query] GET https://firebase.googleapis.com/v1beta1/projects/clone-9f0a1/adminSdkConfig [none]
[debug] [2021-12-28T10:00:17.285Z] <<< [apiv2][status] GET https://firebase.googleapis.com/v1beta1/projects/clone-9f0a1/adminSdkConfig 200
[debug] [2021-12-28T10:00:17.285Z] <<< [apiv2][body] GET https://firebase.googleapis.com/v1beta1/projects/clone-9f0a1/adminSdkConfig {"projectId":"clone-9f0a1","storageBucket":"clone-9f0a1.appspot.com"}
[debug] [2021-12-28T10:00:19.349Z] >>> [apiv2][query] GET https://firebasehosting.googleapis.com/v1beta1/projects/clone-9f0a1/sites 
[debug] [2021-12-28T10:00:21.518Z] <<< [apiv2][status] GET https://firebasehosting.googleapis.com/v1beta1/projects/clone-9f0a1/sites 200
[debug] [2021-12-28T10:00:21.518Z] <<< [apiv2][body] GET https://firebasehosting.googleapis.com/v1beta1/projects/clone-9f0a1/sites {"sites":[{"name":"projects/643747720929/sites/clone-9f0a1","defaultUrl":"https://clone-9f0a1.web.app","appId":"1:643747720929:web:e0bc1d535b7e82bf2491a0","type":"DEFAULT_SITE"}]}
[debug] [2021-12-28T10:00:21.520Z] >>> [apiv2][query] GET https://firebase.googleapis.com/v1beta1/projects/clone-9f0a1/webApps/1:643747720929:web:e0bc1d535b7e82bf2491a0/config [none]
[debug] [2021-12-28T10:00:23.841Z] <<< [apiv2][status] GET https://firebase.googleapis.com/v1beta1/projects/clone-9f0a1/webApps/1:643747720929:web:e0bc1d535b7e82bf2491a0/config 200
[debug] [2021-12-28T10:00:23.842Z] <<< [apiv2][body] GET https://firebase.googleapis.com/v1beta1/projects/clone-9f0a1/webApps/1:643747720929:web:e0bc1d535b7e82bf2491a0/config {"projectId":"clone-9f0a1","appId":"1:643747720929:web:e0bc1d535b7e82bf2491a0","storageBucket":"clone-9f0a1.appspot.com","apiKey":"AIzaSyCTveAiYLQRLy_dw7KHUbh0FUo3jaulrw8","authDomain":"clone-9f0a1.firebaseapp.com","messagingSenderId":"643747720929","measurementId":"G-KM6MGFPHL3"}
[info] i  hosting: Serving hosting files from: build {"metadata":{"emulator":{"name":"hosting"},"message":"Serving hosting files from: \u001b[1mbuild\u001b[22m"}}
[info] +  hosting: Local server: http://localhost:5000 {"metadata":{"emulator":{"name":"hosting"},"message":"Local server: \u001b[4m\u001b[1mhttp://localhost:5000\u001b[22m\u001b[24m"}}
[debug] [2021-12-28T10:00:28.011Z] Ignoring unsupported arg: auto_download {"metadata":{"emulator":{"name":"ui"},"message":"Ignoring unsupported arg: auto_download"}}
[debug] [2021-12-28T10:00:28.011Z] Ignoring unsupported arg: port {"metadata":{"emulator":{"name":"ui"},"message":"Ignoring unsupported arg: port"}}
[debug] [2021-12-28T10:00:28.012Z] Starting Emulator UI with command {"binary":"node","args":["C:\\Users\\panka\\.cache\\firebase\\emulators\\ui-v1.6.4\\server.bundle.js"],"optionalArgs":[],"joinArgs":false} {"metadata":{"emulator":{"name":"ui"},"message":"Starting Emulator UI with command {\"binary\":\"node\",\"args\":[\"C:\\\\Users\\\\panka\\\\.cache\\\\firebase\\\\emulators\\\\ui-v1.6.4\\\\server.bundle.js\"],\"optionalArgs\":[],\"joinArgs\":false}"}}
[info] i  ui: Emulator UI logging to ui-debug.log {"metadata":{"emulator":{"name":"ui"},"message":"Emulator UI logging to \u001b[1mui-debug.log\u001b[22m"}}
[debug] [2021-12-28T10:00:28.289Z] Web / API server started at localhost:4000
 {"metadata":{"emulator":{"name":"ui"},"message":"Web / API server started at localhost:4000\n"}}
[info] i  functions: Watching "D:\MCA\Project\amazon-clone\functions" for Cloud Functions... {"metadata":{"emulator":{"name":"functions"},"message":"Watching \"D:\\MCA\\Project\\amazon-clone\\functions\" for Cloud Functions..."}}
[debug] [2021-12-28T10:00:28.558Z] [worker-pool] addWorker(~diagnostic~) {"metadata":{"emulator":{"name":"functions"},"message":"[worker-pool] addWorker(~diagnostic~)"}}
[debug] [2021-12-28T10:00:28.558Z] [worker-pool] Adding worker with key ~diagnostic~, total=1 {"metadata":{"emulator":{"name":"functions"},"message":"[worker-pool] Adding worker with key ~diagnostic~, total=1"}}
[debug] [2021-12-28T10:00:28.558Z] [worker-pool] submitWork(triggerId=) {"metadata":{"emulator":{"name":"functions"},"message":"[worker-pool] submitWork(triggerId=)"}}
[debug] [2021-12-28T10:00:28.559Z] [worker-~diagnostic~-8ffb1787-c367-4764-bfbb-a06ba3bc9113]: Assigning socketPath: \\?\pipe\D:\MCA\Project\amazon-clone\functions\20108 {"metadata":{"emulator":{"name":"functions"},"message":"[worker-~diagnostic~-8ffb1787-c367-4764-bfbb-a06ba3bc9113]: Assigning socketPath: \\\\?\\pipe\\D:\\MCA\\Project\\amazon-clone\\functions\\20108"}}
[debug] [2021-12-28T10:00:28.559Z] [worker-~diagnostic~-8ffb1787-c367-4764-bfbb-a06ba3bc9113]: BUSY {"metadata":{"emulator":{"name":"functions"},"message":"[worker-~diagnostic~-8ffb1787-c367-4764-bfbb-a06ba3bc9113]: BUSY"}}
[debug] [2021-12-28T10:00:29.119Z] [runtime-status] [20108] Functions runtime initialized. {"cwd":"D:\\MCA\\Project\\amazon-clone\\functions","node_version":"12.13.1"} {"metadata":{"emulator":{"name":"functions"},"message":"[runtime-status] [20108] Functions runtime initialized. {\"cwd\":\"D:\\\\MCA\\\\Project\\\\amazon-clone\\\\functions\",\"node_version\":\"12.13.1\"}"}}
[debug] [2021-12-28T10:00:29.121Z] [runtime-status] [20108] Disabled runtime features: undefined {"metadata":{"emulator":{"name":"functions"},"message":"[runtime-status] [20108] Disabled runtime features: undefined"}}
[debug] [2021-12-28T10:00:29.221Z] [runtime-status] [20108] Resolved module firebase-admin {"declared":true,"installed":true,"version":"9.12.0","resolution":"D:\\MCA\\Project\\amazon-clone\\functions\\node_modules\\firebase-admin\\lib\\index.js"} {"metadata":{"emulator":{"name":"functions"},"message":"[runtime-status] [20108] Resolved module firebase-admin {\"declared\":true,\"installed\":true,\"version\":\"9.12.0\",\"resolution\":\"D:\\\\MCA\\\\Project\\\\amazon-clone\\\\functions\\\\node_modules\\\\firebase-admin\\\\lib\\\\index.js\"}"}}
[debug] [2021-12-28T10:00:29.226Z] [runtime-status] [20108] Resolved module firebase-functions {"declared":true,"installed":true,"version":"3.16.0","resolution":"D:\\MCA\\Project\\amazon-clone\\functions\\node_modules\\firebase-functions\\lib\\index.js"} {"metadata":{"emulator":{"name":"functions"},"message":"[runtime-status] [20108] Resolved module firebase-functions {\"declared\":true,\"installed\":true,\"version\":\"3.16.0\",\"resolution\":\"D:\\\\MCA\\\\Project\\\\amazon-clone\\\\functions\\\\node_modules\\\\firebase-functions\\\\lib\\\\index.js\"}"}}
[debug] [2021-12-28T10:00:29.230Z] [runtime-status] [20108] Outgoing network have been stubbed. [{"name":"http","status":"mocked"},{"name":"http","status":"mocked"},{"name":"https","status":"mocked"},{"name":"https","status":"mocked"},{"name":"net","status":"mocked"}] {"metadata":{"emulator":{"name":"functions"},"message":"[runtime-status] [20108] Outgoing network have been stubbed. [{\"name\":\"http\",\"status\":\"mocked\"},{\"name\":\"http\",\"status\":\"mocked\"},{\"name\":\"https\",\"status\":\"mocked\"},{\"name\":\"https\",\"status\":\"mocked\"},{\"name\":\"net\",\"status\":\"mocked\"}]"}}
[debug] [2021-12-28T10:00:29.231Z] [runtime-status] [20108] Resolved module firebase-functions {"declared":true,"installed":true,"version":"3.16.0","resolution":"D:\\MCA\\Project\\amazon-clone\\functions\\node_modules\\firebase-functions\\lib\\index.js"} {"metadata":{"emulator":{"name":"functions"},"message":"[runtime-status] [20108] Resolved module firebase-functions {\"declared\":true,\"installed\":true,\"version\":\"3.16.0\",\"resolution\":\"D:\\\\MCA\\\\Project\\\\amazon-clone\\\\functions\\\\node_modules\\\\firebase-functions\\\\lib\\\\index.js\"}"}}
[debug] [2021-12-28T10:00:29.525Z] [runtime-status] [20108] Checked functions.config() {"config":{}} {"metadata":{"emulator":{"name":"functions"},"message":"[runtime-status] [20108] Checked functions.config() {\"config\":{}}"}}
[debug] [2021-12-28T10:00:29.526Z] [runtime-status] [20108] firebase-functions has been stubbed. {"functionsResolution":{"declared":true,"installed":true,"version":"3.16.0","resolution":"D:\\MCA\\Project\\amazon-clone\\functions\\node_modules\\firebase-functions\\lib\\index.js"}} {"metadata":{"emulator":{"name":"functions"},"message":"[runtime-status] [20108] firebase-functions has been stubbed. {\"functionsResolution\":{\"declared\":true,\"installed\":true,\"version\":\"3.16.0\",\"resolution\":\"D:\\\\MCA\\\\Project\\\\amazon-clone\\\\functions\\\\node_modules\\\\firebase-functions\\\\lib\\\\index.js\"}}"}}
[debug] [2021-12-28T10:00:29.526Z] [runtime-status] [20108] Resolved module firebase-functions {"declared":true,"installed":true,"version":"3.16.0","resolution":"D:\\MCA\\Project\\amazon-clone\\functions\\node_modules\\firebase-functions\\lib\\index.js"} {"metadata":{"emulator":{"name":"functions"},"message":"[runtime-status] [20108] Resolved module firebase-functions {\"declared\":true,\"installed\":true,\"version\":\"3.16.0\",\"resolution\":\"D:\\\\MCA\\\\Project\\\\amazon-clone\\\\functions\\\\node_modules\\\\firebase-functions\\\\lib\\\\index.js\"}"}}
[debug] [2021-12-28T10:00:29.529Z] [runtime-status] [20108] Resolved module firebase-admin {"declared":true,"installed":true,"version":"9.12.0","resolution":"D:\\MCA\\Project\\amazon-clone\\functions\\node_modules\\firebase-admin\\lib\\index.js"} {"metadata":{"emulator":{"name":"functions"},"message":"[runtime-status] [20108] Resolved module firebase-admin {\"declared\":true,\"installed\":true,\"version\":\"9.12.0\",\"resolution\":\"D:\\\\MCA\\\\Project\\\\amazon-clone\\\\functions\\\\node_modules\\\\firebase-admin\\\\lib\\\\index.js\"}"}}
[debug] [2021-12-28T10:00:29.530Z] [runtime-status] [20108] Resolved module firebase-functions {"declared":true,"installed":true,"version":"3.16.0","resolution":"D:\\MCA\\Project\\amazon-clone\\functions\\node_modules\\firebase-functions\\lib\\index.js"} {"metadata":{"emulator":{"name":"functions"},"message":"[runtime-status] [20108] Resolved module firebase-functions {\"declared\":true,\"installed\":true,\"version\":\"3.16.0\",\"resolution\":\"D:\\\\MCA\\\\Project\\\\amazon-clone\\\\functions\\\\node_modules\\\\firebase-functions\\\\lib\\\\index.js\"}"}}
[debug] [2021-12-28T10:00:29.531Z] [runtime-status] [20108] firebase-admin has been stubbed. {"adminResolution":{"declared":true,"installed":true,"version":"9.12.0","resolution":"D:\\MCA\\Project\\amazon-clone\\functions\\node_modules\\firebase-admin\\lib\\index.js"}} {"metadata":{"emulator":{"name":"functions"},"message":"[runtime-status] [20108] firebase-admin has been stubbed. {\"adminResolution\":{\"declared\":true,\"installed\":true,\"version\":\"9.12.0\",\"resolution\":\"D:\\\\MCA\\\\Project\\\\amazon-clone\\\\functions\\\\node_modules\\\\firebase-admin\\\\lib\\\\index.js\"}}"}}
[info] +  functions[us-central1-api]: http function initialized (http://localhost:5001/clone-9f0a1/us-central1/api). {"metadata":{"emulator":{"name":"functions"},"message":"\u001b[1mhttp\u001b[22m function initialized (http://localhost:5001/clone-9f0a1/us-central1/api)."}}
[info] 
┌─────────────────────────────────────────────────────────────┐
│ ✔  All emulators ready! It is now safe to connect your app. │
│ i  View Emulator UI at http://localhost:4000                │
└─────────────────────────────────────────────────────────────┘

┌───────────┬────────────────┬─────────────────────────────────┐
│ Emulator  │ Host:Port      │ View in Emulator UI             │
├───────────┼────────────────┼─────────────────────────────────┤
│ Functions │ localhost:5001 │ http://localhost:4000/functions │
├───────────┼────────────────┼─────────────────────────────────┤
│ Hosting   │ localhost:5000 │ n/a                             │
└───────────┴────────────────┴─────────────────────────────────┘
  Emulator Hub running at localhost:4400
  Other reserved ports: 4500

Issues? Report them at https://github.com/firebase/firebase-tools/issues and attach the *-debug.log files.
 
[debug] [2021-12-28T10:00:30.415Z] [worker-~diagnostic~-8ffb1787-c367-4764-bfbb-a06ba3bc9113]: IDLE {"metadata":{"emulator":{"name":"functions"},"message":"[worker-~diagnostic~-8ffb1787-c367-4764-bfbb-a06ba3bc9113]: IDLE"}}
[debug] [2021-12-28T10:01:17.602Z] [work-queue] {"queueLength":1,"workRunningCount":0}
[debug] [2021-12-28T10:01:17.603Z] [work-queue] {"queueLength":0,"workRunningCount":1}
[debug] [2021-12-28T10:01:17.604Z] Accepted request POST /clone-9f0a1/us-central1/api/payments/create?total=0 --> us-central1-api
[debug] [2021-12-28T10:01:17.617Z] [worker-pool] addWorker(us-central1-api) {"metadata":{"emulator":{"name":"functions"},"message":"[worker-pool] addWorker(us-central1-api)"}}
[debug] [2021-12-28T10:01:17.618Z] [worker-pool] Adding worker with key us-central1-api, total=1 {"metadata":{"emulator":{"name":"functions"},"message":"[worker-pool] Adding worker with key us-central1-api, total=1"}}
[debug] [2021-12-28T10:01:17.618Z] [worker-pool] submitWork(triggerId=us-central1-api) {"metadata":{"emulator":{"name":"functions"},"message":"[worker-pool] submitWork(triggerId=us-central1-api)"}}
[debug] [2021-12-28T10:01:17.618Z] [worker-us-central1-api-ddbd04e2-6b69-4aa2-9b38-174f6738f815]: Assigning socketPath: \\?\pipe\D:\MCA\Project\amazon-clone\functions\13504 {"metadata":{"emulator":{"name":"functions"},"message":"[worker-us-central1-api-ddbd04e2-6b69-4aa2-9b38-174f6738f815]: Assigning socketPath: \\\\?\\pipe\\D:\\MCA\\Project\\amazon-clone\\functions\\13504"}}
[debug] [2021-12-28T10:01:17.619Z] [worker-us-central1-api-ddbd04e2-6b69-4aa2-9b38-174f6738f815]: BUSY {"metadata":{"emulator":{"name":"functions"},"message":"[worker-us-central1-api-ddbd04e2-6b69-4aa2-9b38-174f6738f815]: BUSY"}}
[debug] [2021-12-28T10:01:18.265Z] [runtime-status] [13504] Functions runtime initialized. {"cwd":"D:\\MCA\\Project\\amazon-clone\\functions","node_version":"12.13.1"} {"metadata":{"emulator":{"name":"functions"},"function":{"name":"us-central1-api"},"message":"[runtime-status] [13504] Functions runtime initialized. {\"cwd\":\"D:\\\\MCA\\\\Project\\\\amazon-clone\\\\functions\",\"node_version\":\"12.13.1\"}"}}
[debug] [2021-12-28T10:01:18.267Z] [runtime-status] [13504] Disabled runtime features: undefined {"metadata":{"emulator":{"name":"functions"},"function":{"name":"us-central1-api"},"message":"[runtime-status] [13504] Disabled runtime features: undefined"}}
[debug] [2021-12-28T10:01:18.274Z] [runtime-status] [13504] Resolved module firebase-admin {"declared":true,"installed":true,"version":"9.12.0","resolution":"D:\\MCA\\Project\\amazon-clone\\functions\\node_modules\\firebase-admin\\lib\\index.js"} {"metadata":{"emulator":{"name":"functions"},"function":{"name":"us-central1-api"},"message":"[runtime-status] [13504] Resolved module firebase-admin {\"declared\":true,\"installed\":true,\"version\":\"9.12.0\",\"resolution\":\"D:\\\\MCA\\\\Project\\\\amazon-clone\\\\functions\\\\node_modules\\\\firebase-admin\\\\lib\\\\index.js\"}"}}
[debug] [2021-12-28T10:01:18.277Z] [runtime-status] [13504] Resolved module firebase-functions {"declared":true,"installed":true,"version":"3.16.0","resolution":"D:\\MCA\\Project\\amazon-clone\\functions\\node_modules\\firebase-functions\\lib\\index.js"} {"metadata":{"emulator":{"name":"functions"},"function":{"name":"us-central1-api"},"message":"[runtime-status] [13504] Resolved module firebase-functions {\"declared\":true,\"installed\":true,\"version\":\"3.16.0\",\"resolution\":\"D:\\\\MCA\\\\Project\\\\amazon-clone\\\\functions\\\\node_modules\\\\firebase-functions\\\\lib\\\\index.js\"}"}}
[debug] [2021-12-28T10:01:18.279Z] [runtime-status] [13504] Outgoing network have been stubbed. [{"name":"http","status":"mocked"},{"name":"http","status":"mocked"},{"name":"https","status":"mocked"},{"name":"https","status":"mocked"},{"name":"net","status":"mocked"}] {"metadata":{"emulator":{"name":"functions"},"function":{"name":"us-central1-api"},"message":"[runtime-status] [13504] Outgoing network have been stubbed. [{\"name\":\"http\",\"status\":\"mocked\"},{\"name\":\"http\",\"status\":\"mocked\"},{\"name\":\"https\",\"status\":\"mocked\"},{\"name\":\"https\",\"status\":\"mocked\"},{\"name\":\"net\",\"status\":\"mocked\"}]"}}
[debug] [2021-12-28T10:01:18.280Z] [runtime-status] [13504] Resolved module firebase-functions {"declared":true,"installed":true,"version":"3.16.0","resolution":"D:\\MCA\\Project\\amazon-clone\\functions\\node_modules\\firebase-functions\\lib\\index.js"} {"metadata":{"emulator":{"name":"functions"},"function":{"name":"us-central1-api"},"message":"[runtime-status] [13504] Resolved module firebase-functions {\"declared\":true,\"installed\":true,\"version\":\"3.16.0\",\"resolution\":\"D:\\\\MCA\\\\Project\\\\amazon-clone\\\\functions\\\\node_modules\\\\firebase-functions\\\\lib\\\\index.js\"}"}}
[debug] [2021-12-28T10:01:18.383Z] [runtime-status] [13504] Checked functions.config() {"config":{}} {"metadata":{"emulator":{"name":"functions"},"function":{"name":"us-central1-api"},"message":"[runtime-status] [13504] Checked functions.config() {\"config\":{}}"}}
[debug] [2021-12-28T10:01:18.384Z] [runtime-status] [13504] firebase-functions has been stubbed. {"functionsResolution":{"declared":true,"installed":true,"version":"3.16.0","resolution":"D:\\MCA\\Project\\amazon-clone\\functions\\node_modules\\firebase-functions\\lib\\index.js"}} {"metadata":{"emulator":{"name":"functions"},"function":{"name":"us-central1-api"},"message":"[runtime-status] [13504] firebase-functions has been stubbed. {\"functionsResolution\":{\"declared\":true,\"installed\":true,\"version\":\"3.16.0\",\"resolution\":\"D:\\\\MCA\\\\Project\\\\amazon-clone\\\\functions\\\\node_modules\\\\firebase-functions\\\\lib\\\\index.js\"}}"}}
[debug] [2021-12-28T10:01:18.386Z] [runtime-status] [13504] Resolved module firebase-functions {"declared":true,"installed":true,"version":"3.16.0","resolution":"D:\\MCA\\Project\\amazon-clone\\functions\\node_modules\\firebase-functions\\lib\\index.js"} {"metadata":{"emulator":{"name":"functions"},"function":{"name":"us-central1-api"},"message":"[runtime-status] [13504] Resolved module firebase-functions {\"declared\":true,\"installed\":true,\"version\":\"3.16.0\",\"resolution\":\"D:\\\\MCA\\\\Project\\\\amazon-clone\\\\functions\\\\node_modules\\\\firebase-functions\\\\lib\\\\index.js\"}"}}
[debug] [2021-12-28T10:01:18.389Z] [runtime-status] [13504] Resolved module firebase-admin {"declared":true,"installed":true,"version":"9.12.0","resolution":"D:\\MCA\\Project\\amazon-clone\\functions\\node_modules\\firebase-admin\\lib\\index.js"} {"metadata":{"emulator":{"name":"functions"},"function":{"name":"us-central1-api"},"message":"[runtime-status] [13504] Resolved module firebase-admin {\"declared\":true,\"installed\":true,\"version\":\"9.12.0\",\"resolution\":\"D:\\\\MCA\\\\Project\\\\amazon-clone\\\\functions\\\\node_modules\\\\firebase-admin\\\\lib\\\\index.js\"}"}}
[debug] [2021-12-28T10:01:18.391Z] [runtime-status] [13504] Resolved module firebase-functions {"declared":true,"installed":true,"version":"3.16.0","resolution":"D:\\MCA\\Project\\amazon-clone\\functions\\node_modules\\firebase-functions\\lib\\index.js"} {"metadata":{"emulator":{"name":"functions"},"function":{"name":"us-central1-api"},"message":"[runtime-status] [13504] Resolved module firebase-functions {\"declared\":true,\"installed\":true,\"version\":\"3.16.0\",\"resolution\":\"D:\\\\MCA\\\\Project\\\\amazon-clone\\\\functions\\\\node_modules\\\\firebase-functions\\\\lib\\\\index.js\"}"}}
[debug] [2021-12-28T10:01:18.392Z] [runtime-status] [13504] firebase-admin has been stubbed. {"adminResolution":{"declared":true,"installed":true,"version":"9.12.0","resolution":"D:\\MCA\\Project\\amazon-clone\\functions\\node_modules\\firebase-admin\\lib\\index.js"}} {"metadata":{"emulator":{"name":"functions"},"function":{"name":"us-central1-api"},"message":"[runtime-status] [13504] firebase-admin has been stubbed. {\"adminResolution\":{\"declared\":true,\"installed\":true,\"version\":\"9.12.0\",\"resolution\":\"D:\\\\MCA\\\\Project\\\\amazon-clone\\\\functions\\\\node_modules\\\\firebase-admin\\\\lib\\\\index.js\"}}"}}
[debug] [2021-12-28T10:01:18.845Z] [runtime-status] [13504] Trigger "us-central1-api" has been found, beginning invocation! {"metadata":{"emulator":{"name":"functions"},"function":{"name":"us-central1-api"},"message":"[runtime-status] [13504] Trigger \"us-central1-api\" has been found, beginning invocation!"}}
[info] i  functions: Beginning execution of "us-central1-api" {"metadata":{"emulator":{"name":"functions"},"function":{"name":"us-central1-api"},"message":"Beginning execution of \"us-central1-api\""}}
[debug] [2021-12-28T10:01:18.849Z] [runtime-status] [13504] triggerDefinition {"httpsTrigger":{},"name":"api","entryPoint":"api","regions":["us-central1"],"region":"us-central1","id":"us-central1-api","platform":"gcfv1"} {"metadata":{"emulator":{"name":"functions"},"function":{"name":"us-central1-api"},"message":"[runtime-status] [13504] triggerDefinition {\"httpsTrigger\":{},\"name\":\"api\",\"entryPoint\":\"api\",\"regions\":[\"us-central1\"],\"region\":\"us-central1\",\"id\":\"us-central1-api\",\"platform\":\"gcfv1\"}"}}
[debug] [2021-12-28T10:01:18.849Z] [runtime-status] [13504] Running us-central1-api in signature http {"metadata":{"emulator":{"name":"functions"},"function":{"name":"us-central1-api"},"message":"[runtime-status] [13504] Running us-central1-api in signature http"}}
[debug] [2021-12-28T10:01:18.865Z] [runtime-status] [13504] Attempting to listen to socketPath: \\?\pipe\D:\MCA\Project\amazon-clone\functions\13504 {"metadata":{"emulator":{"name":"functions"},"function":{"name":"us-central1-api"},"message":"[runtime-status] [13504] Attempting to listen to socketPath: \\\\?\\pipe\\D:\\MCA\\Project\\amazon-clone\\functions\\13504"}}
[debug] [2021-12-28T10:01:18.871Z] [functions] Runtime ready! Sending request! {"metadata":{"emulator":{"name":"functions"},"message":"[functions] Runtime ready! Sending request!"}}
[debug] [2021-12-28T10:01:18.872Z] [functions] Got req.url=/clone-9f0a1/us-central1/api/payments/create?total=0, mapping to path=/payments/create?total=0 {"metadata":{"emulator":{"name":"functions"},"message":"[functions] Got req.url=/clone-9f0a1/us-central1/api/payments/create?total=0, mapping to path=/payments/create?total=0"}}
[debug] [2021-12-28T10:01:18.891Z] [runtime-status] [13504] Ephemeral server handling POST request {"metadata":{"emulator":{"name":"functions"},"function":{"name":"us-central1-api"},"message":"[runtime-status] [13504] Ephemeral server handling POST request"}}
[info] >  Payment Request Recieved BOOM!!! for this amount >>>  0 {"user":"Payment Request Recieved BOOM!!! for this amount >>>  0","metadata":{"emulator":{"name":"functions"},"function":{"name":"us-central1-api"},"message":"\u001b[90m> \u001b[39m Payment Request Recieved BOOM!!! for this amount >>>  0"}}
[debug] [2021-12-28T10:01:18.916Z] [runtime-status] [13504] Ephemeral server survived. {"metadata":{"emulator":{"name":"functions"},"function":{"name":"us-central1-api"},"message":"[runtime-status] [13504] Ephemeral server survived."}}
[info] >  (node:13504) UnhandledPromiseRejectionWarning: Error: This value must be greater than or equal to 1. {"user":"(node:13504) UnhandledPromiseRejectionWarning: Error: This value must be greater than or equal to 1.","metadata":{"emulator":{"name":"functions"},"function":{"name":"us-central1-api"},"message":"\u001b[90m> \u001b[39m (node:13504) UnhandledPromiseRejectionWarning: Error: This value must be greater than or equal to 1."}}
[info] >      at Function.generate (D:\MCA\Project\amazon-clone\functions\node_modules\stripe\lib\Error.js:40:16) {"user":"    at Function.generate (D:\\MCA\\Project\\amazon-clone\\functions\\node_modules\\stripe\\lib\\Error.js:40:16)","metadata":{"emulator":{"name":"functions"},"function":{"name":"us-central1-api"},"message":"\u001b[90m> \u001b[39m     at Function.generate (D:\\MCA\\Project\\amazon-clone\\functions\\node_modules\\stripe\\lib\\Error.js:40:16)"}}
[info] >      at res.toJSON.then.StripeAPIError.message (D:\MCA\Project\amazon-clone\functions\node_modules\stripe\lib\StripeResource.js:220:35) {"user":"    at res.toJSON.then.StripeAPIError.message (D:\\MCA\\Project\\amazon-clone\\functions\\node_modules\\stripe\\lib\\StripeResource.js:220:35)","metadata":{"emulator":{"name":"functions"},"function":{"name":"us-central1-api"},"message":"\u001b[90m> \u001b[39m     at res.toJSON.then.StripeAPIError.message (D:\\MCA\\Project\\amazon-clone\\functions\\node_modules\\stripe\\lib\\StripeResource.js:220:35)"}}
[info] >      at processTicksAndRejections (internal/process/task_queues.js:93:5) {"user":"    at processTicksAndRejections (internal/process/task_queues.js:93:5)","metadata":{"emulator":{"name":"functions"},"function":{"name":"us-central1-api"},"message":"\u001b[90m> \u001b[39m     at processTicksAndRejections (internal/process/task_queues.js:93:5)"}}
[info] >  (node:13504) UnhandledPromiseRejectionWarning: Unhandled promise rejection. This error originated either by throwing inside of an async function without a catch block, or by rejecting a promise which was not handled with .catch(). (rejection id: 1) {"user":"(node:13504) UnhandledPromiseRejectionWarning: Unhandled promise rejection. This error originated either by throwing inside of an async function without a catch block, or by rejecting a promise which was not handled with .catch(). (rejection id: 1)","metadata":{"emulator":{"name":"functions"},"function":{"name":"us-central1-api"},"message":"\u001b[90m> \u001b[39m (node:13504) UnhandledPromiseRejectionWarning: Unhandled promise rejection. This error originated either by throwing inside of an async function without a catch block, or by rejecting a promise which was not handled with .catch(). (rejection id: 1)"}}
[info] >  (node:13504) [DEP0018] DeprecationWarning: Unhandled promise rejections are deprecated. In the future, promise rejections that are not handled will terminate the Node.js process with a non-zero exit code. {"user":"(node:13504) [DEP0018] DeprecationWarning: Unhandled promise rejections are deprecated. In the future, promise rejections that are not handled will terminate the Node.js process with a non-zero exit code.","metadata":{"emulator":{"name":"functions"},"function":{"name":"us-central1-api"},"message":"\u001b[90m> \u001b[39m (node:13504) [DEP0018] DeprecationWarning: Unhandled promise rejections are deprecated. In the future, promise rejections that are not handled will terminate the Node.js process with a non-zero exit code."}}
[warn] !  functions: Your function timed out after ~60s. To configure this timeout, see
      https://firebase.google.com/docs/functions/manage-functions#set_timeout_and_memory_allocation. {"metadata":{"emulator":{"name":"functions"},"function":{"name":"us-central1-api"},"message":"Your function timed out after ~60s. To configure this timeout, see\n      https://firebase.google.com/docs/functions/manage-functions#set_timeout_and_memory_allocation."}}
[info] >  C:\Users\panka\AppData\Roaming\npm\node_modules\firebase-tools\lib\emulator\functionsEmulatorRuntime.js:604 {"user":"C:\\Users\\panka\\AppData\\Roaming\\npm\\node_modules\\firebase-tools\\lib\\emulator\\functionsEmulatorRuntime.js:604\r","metadata":{"emulator":{"name":"functions"},"function":{"name":"us-central1-api"},"message":"\u001b[90m> \u001b[39m C:\\Users\\panka\\AppData\\Roaming\\npm\\node_modules\\firebase-tools\\lib\\emulator\\functionsEmulatorRuntime.js:604\r"}}
[info] >              throw new Error("Function timed out."); {"user":"            throw new Error(\"Function timed out.\");\r","metadata":{"emulator":{"name":"functions"},"function":{"name":"us-central1-api"},"message":"\u001b[90m> \u001b[39m             throw new Error(\"Function timed out.\");\r"}}
[info] >              ^ {"user":"            ^\r","metadata":{"emulator":{"name":"functions"},"function":{"name":"us-central1-api"},"message":"\u001b[90m> \u001b[39m             ^\r"}}
[info] >   {"user":"\r","metadata":{"emulator":{"name":"functions"},"function":{"name":"us-central1-api"},"message":"\u001b[90m> \u001b[39m \r"}}
[info] >  Error: Function timed out. {"user":"Error: Function timed out.\r","metadata":{"emulator":{"name":"functions"},"function":{"name":"us-central1-api"},"message":"\u001b[90m> \u001b[39m Error: Function timed out.\r"}}
[info] >      at Timeout._onTimeout (C:\Users\panka\AppData\Roaming\npm\node_modules\firebase-tools\lib\emulator\functionsEmulatorRuntime.js:604:19) {"user":"    at Timeout._onTimeout (C:\\Users\\panka\\AppData\\Roaming\\npm\\node_modules\\firebase-tools\\lib\\emulator\\functionsEmulatorRuntime.js:604:19)\r","metadata":{"emulator":{"name":"functions"},"function":{"name":"us-central1-api"},"message":"\u001b[90m> \u001b[39m     at Timeout._onTimeout (C:\\Users\\panka\\AppData\\Roaming\\npm\\node_modules\\firebase-tools\\lib\\emulator\\functionsEmulatorRuntime.js:604:19)\r"}}
[info] >      at listOnTimeout (internal/timers.js:531:17) {"user":"    at listOnTimeout (internal/timers.js:531:17)\r","metadata":{"emulator":{"name":"functions"},"function":{"name":"us-central1-api"},"message":"\u001b[90m> \u001b[39m     at listOnTimeout (internal/timers.js:531:17)\r"}}
[info] >      at processTimers (internal/timers.js:475:7) {"user":"    at processTimers (internal/timers.js:475:7)\r","metadata":{"emulator":{"name":"functions"},"function":{"name":"us-central1-api"},"message":"\u001b[90m> \u001b[39m     at processTimers (internal/timers.js:475:7)\r"}}
[debug] [2021-12-28T10:02:18.904Z] [worker-us-central1-api-ddbd04e2-6b69-4aa2-9b38-174f6738f815]: exited {"metadata":{"emulator":{"name":"functions"},"message":"[worker-us-central1-api-ddbd04e2-6b69-4aa2-9b38-174f6738f815]: exited"}}
[debug] [2021-12-28T10:02:18.905Z] [worker-us-central1-api-ddbd04e2-6b69-4aa2-9b38-174f6738f815]: FINISHED {"metadata":{"emulator":{"name":"functions"},"message":"[worker-us-central1-api-ddbd04e2-6b69-4aa2-9b38-174f6738f815]: FINISHED"}}
[debug] [2021-12-28T10:02:18.906Z] [work-queue] {"queueLength":0,"workRunningCount":0}
[debug] [2021-12-28T10:02:30.819Z] [work-queue] {"queueLength":1,"workRunningCount":0}
[debug] [2021-12-28T10:02:30.820Z] [work-queue] {"queueLength":0,"workRunningCount":1}
[debug] [2021-12-28T10:02:30.820Z] Accepted request POST /clone-9f0a1/us-central1/api/payments/create?total=25096 --> us-central1-api
[debug] [2021-12-28T10:02:30.821Z] [worker-pool] Cleaned up workers for us-central1-api: 1 --> 0 {"metadata":{"emulator":{"name":"functions"},"message":"[worker-pool] Cleaned up workers for us-central1-api: 1 --> 0"}}
[debug] [2021-12-28T10:02:30.832Z] [worker-pool] addWorker(us-central1-api) {"metadata":{"emulator":{"name":"functions"},"message":"[worker-pool] addWorker(us-central1-api)"}}
[debug] [2021-12-28T10:02:30.833Z] [worker-pool] Adding worker with key us-central1-api, total=1 {"metadata":{"emulator":{"name":"functions"},"message":"[worker-pool] Adding worker with key us-central1-api, total=1"}}
[debug] [2021-12-28T10:02:30.833Z] [worker-pool] submitWork(triggerId=us-central1-api) {"metadata":{"emulator":{"name":"functions"},"message":"[worker-pool] submitWork(triggerId=us-central1-api)"}}
[debug] [2021-12-28T10:02:30.833Z] [worker-us-central1-api-a7d82d1c-c5f8-468c-81bf-3bd1322a23ff]: Assigning socketPath: \\?\pipe\D:\MCA\Project\amazon-clone\functions\17720 {"metadata":{"emulator":{"name":"functions"},"message":"[worker-us-central1-api-a7d82d1c-c5f8-468c-81bf-3bd1322a23ff]: Assigning socketPath: \\\\?\\pipe\\D:\\MCA\\Project\\amazon-clone\\functions\\17720"}}
[debug] [2021-12-28T10:02:30.834Z] [worker-us-central1-api-a7d82d1c-c5f8-468c-81bf-3bd1322a23ff]: BUSY {"metadata":{"emulator":{"name":"functions"},"message":"[worker-us-central1-api-a7d82d1c-c5f8-468c-81bf-3bd1322a23ff]: BUSY"}}
[debug] [2021-12-28T10:02:31.285Z] [runtime-status] [17720] Functions runtime initialized. {"cwd":"D:\\MCA\\Project\\amazon-clone\\functions","node_version":"12.13.1"} {"metadata":{"emulator":{"name":"functions"},"function":{"name":"us-central1-api"},"message":"[runtime-status] [17720] Functions runtime initialized. {\"cwd\":\"D:\\\\MCA\\\\Project\\\\amazon-clone\\\\functions\",\"node_version\":\"12.13.1\"}"}}
[debug] [2021-12-28T10:02:31.287Z] [runtime-status] [17720] Disabled runtime features: undefined {"metadata":{"emulator":{"name":"functions"},"function":{"name":"us-central1-api"},"message":"[runtime-status] [17720] Disabled runtime features: undefined"}}
[debug] [2021-12-28T10:02:31.292Z] [runtime-status] [17720] Resolved module firebase-admin {"declared":true,"installed":true,"version":"9.12.0","resolution":"D:\\MCA\\Project\\amazon-clone\\functions\\node_modules\\firebase-admin\\lib\\index.js"} {"metadata":{"emulator":{"name":"functions"},"function":{"name":"us-central1-api"},"message":"[runtime-status] [17720] Resolved module firebase-admin {\"declared\":true,\"installed\":true,\"version\":\"9.12.0\",\"resolution\":\"D:\\\\MCA\\\\Project\\\\amazon-clone\\\\functions\\\\node_modules\\\\firebase-admin\\\\lib\\\\index.js\"}"}}
[debug] [2021-12-28T10:02:31.295Z] [runtime-status] [17720] Resolved module firebase-functions {"declared":true,"installed":true,"version":"3.16.0","resolution":"D:\\MCA\\Project\\amazon-clone\\functions\\node_modules\\firebase-functions\\lib\\index.js"} {"metadata":{"emulator":{"name":"functions"},"function":{"name":"us-central1-api"},"message":"[runtime-status] [17720] Resolved module firebase-functions {\"declared\":true,\"installed\":true,\"version\":\"3.16.0\",\"resolution\":\"D:\\\\MCA\\\\Project\\\\amazon-clone\\\\functions\\\\node_modules\\\\firebase-functions\\\\lib\\\\index.js\"}"}}
[debug] [2021-12-28T10:02:31.298Z] [runtime-status] [17720] Outgoing network have been stubbed. [{"name":"http","status":"mocked"},{"name":"http","status":"mocked"},{"name":"https","status":"mocked"},{"name":"https","status":"mocked"},{"name":"net","status":"mocked"}] {"metadata":{"emulator":{"name":"functions"},"function":{"name":"us-central1-api"},"message":"[runtime-status] [17720] Outgoing network have been stubbed. [{\"name\":\"http\",\"status\":\"mocked\"},{\"name\":\"http\",\"status\":\"mocked\"},{\"name\":\"https\",\"status\":\"mocked\"},{\"name\":\"https\",\"status\":\"mocked\"},{\"name\":\"net\",\"status\":\"mocked\"}]"}}
[debug] [2021-12-28T10:02:31.299Z] [runtime-status] [17720] Resolved module firebase-functions {"declared":true,"installed":true,"version":"3.16.0","resolution":"D:\\MCA\\Project\\amazon-clone\\functions\\node_modules\\firebase-functions\\lib\\index.js"} {"metadata":{"emulator":{"name":"functions"},"function":{"name":"us-central1-api"},"message":"[runtime-status] [17720] Resolved module firebase-functions {\"declared\":true,\"installed\":true,\"version\":\"3.16.0\",\"resolution\":\"D:\\\\MCA\\\\Project\\\\amazon-clone\\\\functions\\\\node_modules\\\\firebase-functions\\\\lib\\\\index.js\"}"}}
[debug] [2021-12-28T10:02:31.393Z] [runtime-status] [17720] Checked functions.config() {"config":{}} {"metadata":{"emulator":{"name":"functions"},"function":{"name":"us-central1-api"},"message":"[runtime-status] [17720] Checked functions.config() {\"config\":{}}"}}
[debug] [2021-12-28T10:02:31.394Z] [runtime-status] [17720] firebase-functions has been stubbed. {"functionsResolution":{"declared":true,"installed":true,"version":"3.16.0","resolution":"D:\\MCA\\Project\\amazon-clone\\functions\\node_modules\\firebase-functions\\lib\\index.js"}} {"metadata":{"emulator":{"name":"functions"},"function":{"name":"us-central1-api"},"message":"[runtime-status] [17720] firebase-functions has been stubbed. {\"functionsResolution\":{\"declared\":true,\"installed\":true,\"version\":\"3.16.0\",\"resolution\":\"D:\\\\MCA\\\\Project\\\\amazon-clone\\\\functions\\\\node_modules\\\\firebase-functions\\\\lib\\\\index.js\"}}"}}
[debug] [2021-12-28T10:02:31.395Z] [runtime-status] [17720] Resolved module firebase-functions {"declared":true,"installed":true,"version":"3.16.0","resolution":"D:\\MCA\\Project\\amazon-clone\\functions\\node_modules\\firebase-functions\\lib\\index.js"} {"metadata":{"emulator":{"name":"functions"},"function":{"name":"us-central1-api"},"message":"[runtime-status] [17720] Resolved module firebase-functions {\"declared\":true,\"installed\":true,\"version\":\"3.16.0\",\"resolution\":\"D:\\\\MCA\\\\Project\\\\amazon-clone\\\\functions\\\\node_modules\\\\firebase-functions\\\\lib\\\\index.js\"}"}}
[debug] [2021-12-28T10:02:31.398Z] [runtime-status] [17720] Resolved module firebase-admin {"declared":true,"installed":true,"version":"9.12.0","resolution":"D:\\MCA\\Project\\amazon-clone\\functions\\node_modules\\firebase-admin\\lib\\index.js"} {"metadata":{"emulator":{"name":"functions"},"function":{"name":"us-central1-api"},"message":"[runtime-status] [17720] Resolved module firebase-admin {\"declared\":true,\"installed\":true,\"version\":\"9.12.0\",\"resolution\":\"D:\\\\MCA\\\\Project\\\\amazon-clone\\\\functions\\\\node_modules\\\\firebase-admin\\\\lib\\\\index.js\"}"}}
[debug] [2021-12-28T10:02:31.399Z] [runtime-status] [17720] Resolved module firebase-functions {"declared":true,"installed":true,"version":"3.16.0","resolution":"D:\\MCA\\Project\\amazon-clone\\functions\\node_modules\\firebase-functions\\lib\\index.js"} {"metadata":{"emulator":{"name":"functions"},"function":{"name":"us-central1-api"},"message":"[runtime-status] [17720] Resolved module firebase-functions {\"declared\":true,\"installed\":true,\"version\":\"3.16.0\",\"resolution\":\"D:\\\\MCA\\\\Project\\\\amazon-clone\\\\functions\\\\node_modules\\\\firebase-functions\\\\lib\\\\index.js\"}"}}
[debug] [2021-12-28T10:02:31.399Z] [runtime-status] [17720] firebase-admin has been stubbed. {"adminResolution":{"declared":true,"installed":true,"version":"9.12.0","resolution":"D:\\MCA\\Project\\amazon-clone\\functions\\node_modules\\firebase-admin\\lib\\index.js"}} {"metadata":{"emulator":{"name":"functions"},"function":{"name":"us-central1-api"},"message":"[runtime-status] [17720] firebase-admin has been stubbed. {\"adminResolution\":{\"declared\":true,\"installed\":true,\"version\":\"9.12.0\",\"resolution\":\"D:\\\\MCA\\\\Project\\\\amazon-clone\\\\functions\\\\node_modules\\\\firebase-admin\\\\lib\\\\index.js\"}}"}}
[debug] [2021-12-28T10:02:31.877Z] [runtime-status] [17720] Trigger "us-central1-api" has been found, beginning invocation! {"metadata":{"emulator":{"name":"functions"},"function":{"name":"us-central1-api"},"message":"[runtime-status] [17720] Trigger \"us-central1-api\" has been found, beginning invocation!"}}
[info] i  functions: Beginning execution of "us-central1-api" {"metadata":{"emulator":{"name":"functions"},"function":{"name":"us-central1-api"},"message":"Beginning execution of \"us-central1-api\""}}
[debug] [2021-12-28T10:02:31.879Z] [runtime-status] [17720] triggerDefinition {"httpsTrigger":{},"name":"api","entryPoint":"api","regions":["us-central1"],"region":"us-central1","id":"us-central1-api","platform":"gcfv1"} {"metadata":{"emulator":{"name":"functions"},"function":{"name":"us-central1-api"},"message":"[runtime-status] [17720] triggerDefinition {\"httpsTrigger\":{},\"name\":\"api\",\"entryPoint\":\"api\",\"regions\":[\"us-central1\"],\"region\":\"us-central1\",\"id\":\"us-central1-api\",\"platform\":\"gcfv1\"}"}}
[debug] [2021-12-28T10:02:31.880Z] [runtime-status] [17720] Running us-central1-api in signature http {"metadata":{"emulator":{"name":"functions"},"function":{"name":"us-central1-api"},"message":"[runtime-status] [17720] Running us-central1-api in signature http"}}
[debug] [2021-12-28T10:02:31.884Z] [runtime-status] [17720] Attempting to listen to socketPath: \\?\pipe\D:\MCA\Project\amazon-clone\functions\17720 {"metadata":{"emulator":{"name":"functions"},"function":{"name":"us-central1-api"},"message":"[runtime-status] [17720] Attempting to listen to socketPath: \\\\?\\pipe\\D:\\MCA\\Project\\amazon-clone\\functions\\17720"}}
[debug] [2021-12-28T10:02:31.889Z] [functions] Runtime ready! Sending request! {"metadata":{"emulator":{"name":"functions"},"message":"[functions] Runtime ready! Sending request!"}}
[debug] [2021-12-28T10:02:31.889Z] [functions] Got req.url=/clone-9f0a1/us-central1/api/payments/create?total=25096, mapping to path=/payments/create?total=25096 {"metadata":{"emulator":{"name":"functions"},"message":"[functions] Got req.url=/clone-9f0a1/us-central1/api/payments/create?total=25096, mapping to path=/payments/create?total=25096"}}
[debug] [2021-12-28T10:02:31.902Z] [runtime-status] [17720] Ephemeral server handling POST request {"metadata":{"emulator":{"name":"functions"},"function":{"name":"us-central1-api"},"message":"[runtime-status] [17720] Ephemeral server handling POST request"}}
[info] >  Payment Request Recieved BOOM!!! for this amount >>>  25096 {"user":"Payment Request Recieved BOOM!!! for this amount >>>  25096","metadata":{"emulator":{"name":"functions"},"function":{"name":"us-central1-api"},"message":"\u001b[90m> \u001b[39m Payment Request Recieved BOOM!!! for this amount >>>  25096"}}
[debug] [2021-12-28T10:02:31.927Z] [runtime-status] [17720] Ephemeral server survived. {"metadata":{"emulator":{"name":"functions"},"function":{"name":"us-central1-api"},"message":"[runtime-status] [17720] Ephemeral server survived."}}
[info] i  functions: Finished "us-central1-api" in ~1s {"metadata":{"emulator":{"name":"functions"},"function":{"name":"us-central1-api"},"message":"Finished \"us-central1-api\" in ~1s"}}
[debug] [2021-12-28T10:02:32.700Z] [worker-us-central1-api-a7d82d1c-c5f8-468c-81bf-3bd1322a23ff]: IDLE {"metadata":{"emulator":{"name":"functions"},"message":"[worker-us-central1-api-a7d82d1c-c5f8-468c-81bf-3bd1322a23ff]: IDLE"}}
[debug] [2021-12-28T10:02:32.700Z] [work-queue] {"queueLength":0,"workRunningCount":0}
